2021-11-11 19:46:49,061:DEBUG:discord.client: on_ready has successfully been registered as an event
2021-11-11 19:46:49,061:DEBUG:discord.client: on_message has successfully been registered as an event
2021-11-11 19:46:49,061:INFO:discord.client: logging in using static token
2021-11-11 19:46:49,298:DEBUG:discord.http: GET https://discord.com/api/v7/users/@me with None has returned 200
2021-11-11 19:46:49,298:DEBUG:discord.http: GET https://discord.com/api/v7/users/@me has received {'id': '906117416189313045', 'username': 'Translator', 'avatar': None, 'discriminator': '1759', 'public_flags': 0, 'flags': 0, 'bot': True, 'banner': None, 'banner_color': None, 'accent_color': None, 'bio': '', 'locale': 'en-US', 'mfa_enabled': False, 'email': None, 'verified': True}
2021-11-11 19:46:49,349:DEBUG:discord.http: GET https://discord.com/api/v7/gateway with None has returned 200
2021-11-11 19:46:49,350:DEBUG:discord.http: GET https://discord.com/api/v7/gateway has received {'url': 'wss://gateway.discord.gg'}
2021-11-11 19:46:49,674:DEBUG:discord.gateway: Created websocket connected to wss://gateway.discord.gg?encoding=json&v=6&compress=zlib-stream
2021-11-11 19:46:49,675:DEBUG:discord.client: Dispatching event socket_raw_receive
2021-11-11 19:46:49,675:DEBUG:discord.gateway: For Shard ID None: WebSocket Event: {'t': None, 's': None, 'op': 10, 'd': {'heartbeat_interval': 41250, '_trace': ['["gateway-prd-main-gfgh",{"micros":0.0}]']}}
2021-11-11 19:46:49,675:DEBUG:discord.client: Dispatching event socket_response
2021-11-11 19:46:49,676:DEBUG:discord.client: Dispatching event socket_raw_send
2021-11-11 19:46:49,676:DEBUG:discord.client: Dispatching event socket_raw_send
2021-11-11 19:46:49,677:INFO:discord.gateway: Shard ID None has sent the IDENTIFY payload.
2021-11-11 19:46:49,860:DEBUG:discord.client: Dispatching event socket_raw_receive
2021-11-11 19:46:49,860:DEBUG:discord.gateway: For Shard ID None: WebSocket Event: {'t': None, 's': None, 'op': 11, 'd': None}
2021-11-11 19:46:49,860:DEBUG:discord.client: Dispatching event socket_response
2021-11-11 19:46:50,022:DEBUG:discord.client: Dispatching event socket_raw_receive
2021-11-11 19:46:50,023:DEBUG:discord.gateway: For Shard ID None: WebSocket Event: {'t': 'READY', 's': 1, 'op': 0, 'd': {'v': 6, 'user_settings': {}, 'user': {'verified': True, 'username': 'Translator', 'mfa_enabled': False, 'id': '906117416189313045', 'flags': 0, 'email': None, 'discriminator': '1759', 'bot': True, 'avatar': None}, 'session_id': 'f3a2feea3eb7a3a48822dacfabe35e7a', 'relationships': [], 'private_channels': [], 'presences': [], 'guilds': [{'unavailable': True, 'id': '906118413540265994'}], 'guild_join_requests': [], 'geo_ordered_rtc_regions': ['europe', 'rotterdam', 'stockholm', 'russia', 'st-pete'], 'application': {'id': '906117416189313045', 'flags': 262144}, '_trace': ['["gateway-prd-main-gfgh",{"micros":138606,"calls":["discord-sessions-blue-prd-2-18",{"micros":137512,"calls":["start_session",{"micros":110889,"calls":["api-prd-main-gzhd",{"micros":107472,"calls":["get_user",{"micros":9404},"add_authorized_ip",{"micros":2923},"get_guilds",{"micros":25900},"coros_wait",{"micros":1}]}]},"guilds_connect",{"micros":1,"calls":[]},"presence_connect",{"micros":21113,"calls":[]}]}]}]']}}
2021-11-11 19:46:50,023:DEBUG:discord.client: Dispatching event socket_response
2021-11-11 19:46:50,023:INFO:discord.gateway: Shard ID None has connected to Gateway: ["gateway-prd-main-gfgh",{"micros":138606,"calls":["discord-sessions-blue-prd-2-18",{"micros":137512,"calls":["start_session",{"micros":110889,"calls":["api-prd-main-gzhd",{"micros":107472,"calls":["get_user",{"micros":9404},"add_authorized_ip",{"micros":2923},"get_guilds",{"micros":25900},"coros_wait",{"micros":1}]}]},"guilds_connect",{"micros":1,"calls":[]},"presence_connect",{"micros":21113,"calls":[]}]}]}] (Session ID: f3a2feea3eb7a3a48822dacfabe35e7a).
2021-11-11 19:46:50,039:DEBUG:discord.client: Dispatching event connect
2021-11-11 19:46:50,040:DEBUG:discord.client: Dispatching event socket_raw_receive
2021-11-11 19:46:50,040:DEBUG:discord.gateway: For Shard ID None: WebSocket Event: {'t': 'GUILD_CREATE', 's': 2, 'op': 0, 'd': {'name': "daniel.'s server", 'public_updates_channel_id': None, 'lazy': True, 'description': None, 'explicit_content_filter': 0, 'vanity_url_code': None, 'large': False, 'emojis': [], 'premium_progress_bar_enabled': False, 'mfa_level': 0, 'joined_at': '2021-11-05T09:51:21.932000+00:00', 'guild_scheduled_events': [], 'application_id': None, 'stage_instances': [], 'splash': None, 'nsfw_level': 0, 'roles': [{'unicode_emoji': None, 'position': 0, 'permissions_new': '1071698660929', 'permissions': 104320577, 'name': '@everyone', 'mentionable': False, 'managed': False, 'id': '906118413540265994', 'icon': None, 'hoist': False, 'color': 0}, {'unicode_emoji': None, 'tags': {'bot_id': '906117416189313045'}, 'position': 1, 'permissions_new': '8', 'permissions': 8, 'name': 'robbot', 'mentionable': False, 'managed': True, 'id': '906118485715853334', 'icon': None, 'hoist': False, 'color': 0}], 'icon': None, 'system_channel_id': '906118413540265997', 'member_count': 2, 'channels': [{'type': 4, 'position': 0, 'permission_overwrites': [], 'name': 'Text Channels', 'id': '906118413540265995'}, {'type': 4, 'position': 0, 'permission_overwrites': [], 'name': 'Voice Channels', 'id': '906118413540265996'}, {'type': 0, 'topic': None, 'rate_limit_per_user': 0, 'position': 0, 'permission_overwrites': [], 'parent_id': '906118413540265995', 'name': 'general', 'last_message_id': '908427198870982667', 'id': '906118413540265997'}, {'user_limit': 0, 'type': 2, 'rtc_region': None, 'rate_limit_per_user': 0, 'position': 0, 'permission_overwrites': [], 'parent_id': '906118413540265996', 'name': 'General', 'last_message_id': None, 'id': '906118413540265998', 'bitrate': 64000}, {'type': 0, 'topic': None, 'rate_limit_per_user': 0, 'position': 1, 'permission_overwrites': [], 'parent_id': '906118413540265995', 'name': 'bot', 'last_message_id': '906155698033938462', 'id': '906151626241372170'}, {'type': 0, 'topic': None, 'rate_limit_per_user': 0, 'position': 2, 'permission_overwrites': [], 'parent_id': '906118413540265995', 'name': 'english', 'last_message_id': '908427200720695376', 'id': '906156397392175154'}], 'nsfw': False, 'banner': None, 'default_message_notifications': 0, 'unavailable': False, 'premium_tier': 0, 'application_command_count': 0, 'afk_channel_id': None, 'stickers': [], 'threads': [], 'max_video_channel_users': 25, 'premium_subscription_count': 0, 'guild_hashes': {'version': 1, 'roles': {'omitted': False, 'hash': 'q7HXeRaQ5rw'}, 'metadata': {'omitted': False, 'hash': 'lXmekTPJhms'}, 'channels': {'omitted': False, 'hash': 'VlveRq1Ly4Q'}}, 'max_members': 250000, 'verification_level': 0, 'system_channel_flags': 0, 'rules_channel_id': None, 'discovery_splash': None, 'id': '906118413540265994', 'features': [], 'region': 'europe', 'preferred_locale': 'en-US', 'members': [{'user': {'username': 'Translator', 'id': '906117416189313045', 'discriminator': '1759', 'bot': True, 'avatar': None}, 'roles': ['906118485715853334'], 'mute': False, 'joined_at': '2021-11-05T09:51:21.932000+00:00', 'hoisted_role': None, 'deaf': False}], 'voice_states': [], 'owner_id': '166573054208507906', 'embedded_activities': [], 'afk_timeout': 300, 'application_command_counts': {'3': 0, '2': 0, '1': 0}, 'presences': []}}
2021-11-11 19:46:50,040:DEBUG:discord.client: Dispatching event socket_response
2021-11-11 19:46:50,041:DEBUG:discord.client: Dispatching event guild_available
2021-11-11 19:46:52,043:DEBUG:discord.client: Dispatching event ready
2021-11-11 19:46:56,409:DEBUG:discord.client: Dispatching event socket_raw_receive
2021-11-11 19:46:56,410:DEBUG:discord.gateway: For Shard ID None: WebSocket Event: {'t': 'MESSAGE_CREATE', 's': 3, 'op': 0, 'd': {'type': 0, 'tts': False, 'timestamp': '2021-11-11T18:46:56.336000+00:00', 'referenced_message': None, 'pinned': False, 'nonce': '908427593273835520', 'mentions': [], 'mention_roles': [], 'mention_everyone': False, 'member': {'roles': [], 'mute': False, 'joined_at': '2021-11-05T09:51:04.667000+00:00', 'hoisted_role': None, 'deaf': False}, 'id': '908427594662285392', 'flags': 0, 'embeds': [], 'edited_timestamp': None, 'content': '.help', 'components': [], 'channel_id': '906118413540265997', 'author': {'username': 'daniel.', 'public_flags': 0, 'id': '166573054208507906', 'discriminator': '8722', 'avatar': 'f230d05bb4430ab1f2c4e8a235200f60'}, 'attachments': [], 'guild_id': '906118413540265994'}}
2021-11-11 19:46:56,410:DEBUG:discord.client: Dispatching event socket_response
2021-11-11 19:46:56,410:DEBUG:discord.client: Dispatching event message
2021-11-11 19:46:56,773:DEBUG:discord.client: Dispatching event socket_raw_receive
2021-11-11 19:46:56,774:DEBUG:discord.gateway: For Shard ID None: WebSocket Event: {'t': 'MESSAGE_CREATE', 's': 4, 'op': 0, 'd': {'type': 0, 'tts': False, 'timestamp': '2021-11-11T18:46:56.746000+00:00', 'referenced_message': None, 'pinned': False, 'mentions': [], 'mention_roles': [], 'mention_everyone': False, 'member': {'roles': ['906118485715853334'], 'mute': False, 'joined_at': '2021-11-05T09:51:21.932000+00:00', 'hoisted_role': None, 'deaf': False}, 'id': '908427596381950003', 'flags': 0, 'embeds': [{'type': 'rich', 'title': 'Translation', 'description': '.help -> .help'}], 'edited_timestamp': None, 'content': '', 'components': [], 'channel_id': '906156397392175154', 'author': {'username': 'Translator', 'public_flags': 0, 'id': '906117416189313045', 'discriminator': '1759', 'bot': True, 'avatar': None}, 'attachments': [], 'guild_id': '906118413540265994'}}
2021-11-11 19:46:56,774:DEBUG:discord.client: Dispatching event socket_response
2021-11-11 19:46:56,774:DEBUG:discord.client: Dispatching event message
2021-11-11 19:46:56,776:DEBUG:discord.http: POST https://discord.com/api/v7/channels/906156397392175154/messages with {"embed":{"type":"rich","description":".help -> .help","title":"Translation"}} has returned 200
2021-11-11 19:46:56,776:DEBUG:discord.http: POST https://discord.com/api/v7/channels/906156397392175154/messages has received {'id': '908427596381950003', 'type': 0, 'content': '', 'channel_id': '906156397392175154', 'author': {'id': '906117416189313045', 'username': 'Translator', 'avatar': None, 'discriminator': '1759', 'public_flags': 0, 'bot': True}, 'attachments': [], 'embeds': [{'type': 'rich', 'title': 'Translation', 'description': '.help -> .help'}], 'mentions': [], 'mention_roles': [], 'pinned': False, 'mention_everyone': False, 'tts': False, 'timestamp': '2021-11-11T18:46:56.746000+00:00', 'edited_timestamp': None, 'flags': 0, 'components': [], 'referenced_message': None}
2021-11-11 19:46:56,984:DEBUG:discord.client: Dispatching event socket_raw_receive
2021-11-11 19:46:56,984:DEBUG:discord.gateway: For Shard ID None: WebSocket Event: {'t': 'MESSAGE_DELETE', 's': 5, 'op': 0, 'd': {'id': '908427594662285392', 'channel_id': '906118413540265997', 'guild_id': '906118413540265994'}}
2021-11-11 19:46:56,984:DEBUG:discord.client: Dispatching event socket_response
2021-11-11 19:46:56,985:DEBUG:discord.client: Dispatching event raw_message_delete
2021-11-11 19:46:56,985:DEBUG:discord.client: Dispatching event message_delete
2021-11-11 19:46:56,986:DEBUG:discord.http: DELETE https://discord.com/api/v7/channels/906118413540265997/messages/908427594662285392 with None has returned 204
2021-11-11 19:46:56,986:DEBUG:discord.http: DELETE https://discord.com/api/v7/channels/906118413540265997/messages/908427594662285392 has received 
2021-11-11 19:46:56,986:DEBUG:discord.client: Dispatching event command
2021-11-11 19:46:57,177:DEBUG:discord.client: Dispatching event socket_raw_receive
2021-11-11 19:46:57,177:DEBUG:discord.gateway: For Shard ID None: WebSocket Event: {'t': 'MESSAGE_CREATE', 's': 6, 'op': 0, 'd': {'type': 0, 'tts': False, 'timestamp': '2021-11-11T18:46:57.157000+00:00', 'referenced_message': None, 'pinned': False, 'mentions': [], 'mention_roles': [], 'mention_everyone': False, 'member': {'roles': ['906118485715853334'], 'mute': False, 'joined_at': '2021-11-05T09:51:21.932000+00:00', 'hoisted_role': None, 'deaf': False}, 'id': '908427598105825340', 'flags': 0, 'embeds': [{'type': 'rich', 'title': 'Help', 'description': 'All available commands:\n                        \n• **Settings** *(.settings)*: Change all Translator Bot settings. Type **.settings** for more info.\n                        \n• **Translation** *(.tl)*: Translate any message to (almost) any language. Type **.tl** for more info.\n                        \n• **Languages** *(.lang)*: Displays a list of all available languages.'}], 'edited_timestamp': None, 'content': '', 'components': [], 'channel_id': '906118413540265997', 'author': {'username': 'Translator', 'public_flags': 0, 'id': '906117416189313045', 'discriminator': '1759', 'bot': True, 'avatar': None}, 'attachments': [], 'guild_id': '906118413540265994'}}
2021-11-11 19:46:57,178:DEBUG:discord.client: Dispatching event socket_response
2021-11-11 19:46:57,178:DEBUG:discord.client: Dispatching event message
2021-11-11 19:46:57,191:DEBUG:discord.http: POST https://discord.com/api/v7/channels/906118413540265997/messages with {"embed":{"type":"rich","description":"All available commands:\n                        \n\u2022 **Settings** *(.settings)*: Change all Translator Bot settings. Type **.settings** for more info.\n                        \n\u2022 **Translation** *(.tl)*: Translate any message to (almost) any language. Type **.tl** for more info.\n                        \n\u2022 **Languages** *(.lang)*: Displays a list of all available languages.","title":"Help"}} has returned 200
2021-11-11 19:46:57,191:DEBUG:discord.http: POST https://discord.com/api/v7/channels/906118413540265997/messages has received {'id': '908427598105825340', 'type': 0, 'content': '', 'channel_id': '906118413540265997', 'author': {'id': '906117416189313045', 'username': 'Translator', 'avatar': None, 'discriminator': '1759', 'public_flags': 0, 'bot': True}, 'attachments': [], 'embeds': [{'type': 'rich', 'title': 'Help', 'description': 'All available commands:\n                        \n• **Settings** *(.settings)*: Change all Translator Bot settings. Type **.settings** for more info.\n                        \n• **Translation** *(.tl)*: Translate any message to (almost) any language. Type **.tl** for more info.\n                        \n• **Languages** *(.lang)*: Displays a list of all available languages.'}], 'mentions': [], 'mention_roles': [], 'pinned': False, 'mention_everyone': False, 'tts': False, 'timestamp': '2021-11-11T18:46:57.157000+00:00', 'edited_timestamp': None, 'flags': 0, 'components': [], 'referenced_message': None}
2021-11-11 19:46:57,191:DEBUG:discord.client: Dispatching event command_completion
2021-11-11 19:47:02,215:DEBUG:discord.client: Dispatching event socket_raw_receive
2021-11-11 19:47:02,215:DEBUG:discord.gateway: For Shard ID None: WebSocket Event: {'t': 'MESSAGE_DELETE', 's': 7, 'op': 0, 'd': {'id': '908427596381950003', 'channel_id': '906156397392175154', 'guild_id': '906118413540265994'}}
2021-11-11 19:47:02,215:DEBUG:discord.client: Dispatching event socket_response
2021-11-11 19:47:02,216:DEBUG:discord.client: Dispatching event raw_message_delete
2021-11-11 19:47:02,216:DEBUG:discord.client: Dispatching event message_delete
2021-11-11 19:47:02,226:DEBUG:discord.http: DELETE https://discord.com/api/v7/channels/906156397392175154/messages/908427596381950003 with None has returned 204
2021-11-11 19:47:02,226:DEBUG:discord.http: DELETE https://discord.com/api/v7/channels/906156397392175154/messages/908427596381950003 has received 
2021-11-11 19:47:07,466:DEBUG:discord.client: Dispatching event socket_raw_receive
2021-11-11 19:47:07,467:DEBUG:discord.gateway: For Shard ID None: WebSocket Event: {'t': 'MESSAGE_DELETE', 's': 8, 'op': 0, 'd': {'id': '908427598105825340', 'channel_id': '906118413540265997', 'guild_id': '906118413540265994'}}
2021-11-11 19:47:07,467:DEBUG:discord.client: Dispatching event socket_response
2021-11-11 19:47:07,467:DEBUG:discord.client: Dispatching event raw_message_delete
2021-11-11 19:47:07,467:DEBUG:discord.client: Dispatching event message_delete
2021-11-11 19:47:07,474:DEBUG:discord.http: DELETE https://discord.com/api/v7/channels/906118413540265997/messages/908427598105825340 with None has returned 204
2021-11-11 19:47:07,474:DEBUG:discord.http: DELETE https://discord.com/api/v7/channels/906118413540265997/messages/908427598105825340 has received 
2021-11-11 19:47:30,926:DEBUG:discord.gateway: Keeping shard ID None websocket alive with sequence 8.
2021-11-11 19:47:31,077:DEBUG:discord.client: Dispatching event socket_raw_receive
2021-11-11 19:47:31,077:DEBUG:discord.gateway: For Shard ID None: WebSocket Event: {'t': None, 's': None, 'op': 11, 'd': None}
2021-11-11 19:47:31,078:DEBUG:discord.client: Dispatching event socket_response
2021-11-11 19:48:12,182:DEBUG:discord.gateway: Keeping shard ID None websocket alive with sequence 8.
2021-11-11 19:48:12,336:DEBUG:discord.client: Dispatching event socket_raw_receive
2021-11-11 19:48:12,336:DEBUG:discord.gateway: For Shard ID None: WebSocket Event: {'t': None, 's': None, 'op': 11, 'd': None}
2021-11-11 19:48:12,336:DEBUG:discord.client: Dispatching event socket_response
2021-11-11 19:48:53,439:DEBUG:discord.gateway: Keeping shard ID None websocket alive with sequence 8.
2021-11-11 19:48:53,602:DEBUG:discord.client: Dispatching event socket_raw_receive
2021-11-11 19:48:53,603:DEBUG:discord.gateway: For Shard ID None: WebSocket Event: {'t': None, 's': None, 'op': 11, 'd': None}
2021-11-11 19:48:53,603:DEBUG:discord.client: Dispatching event socket_response
2021-11-11 19:49:34,697:DEBUG:discord.gateway: Keeping shard ID None websocket alive with sequence 8.
2021-11-11 19:49:34,857:DEBUG:discord.client: Dispatching event socket_raw_receive
2021-11-11 19:49:34,858:DEBUG:discord.gateway: For Shard ID None: WebSocket Event: {'t': None, 's': None, 'op': 11, 'd': None}
2021-11-11 19:49:34,858:DEBUG:discord.client: Dispatching event socket_response
